<?xml version="1.0" encoding="UTF-8"?>
<testng-results skipped="0" failed="0" ignored="0" total="1" passed="1">
  <reporter-output>
  </reporter-output>
  <suite name="Default suite" duration-ms="1864" started-at="2022-07-07T21:58:02Z" finished-at="2022-07-07T21:58:04Z">
    <groups>
    </groups>
    <test name="Default test" duration-ms="1864" started-at="2022-07-07T21:58:02Z" finished-at="2022-07-07T21:58:04Z">
      <class name="apiChaining.EndToEnd">
        <test-method status="PASS" signature="EndToEndChaining()[pri:0, instance:apiChaining.EndToEnd@569cfc36]" name="EndToEndChaining" duration-ms="1840" started-at="2022-07-07T21:58:03Z" finished-at="2022-07-07T21:58:04Z">
          <reporter-output>
          </reporter-output>
        </test-method> <!-- EndToEndChaining -->
      </class> <!-- apiChaining.EndToEnd -->
    </test> <!-- Default test -->
  </suite> <!-- Default suite -->
</testng-results>
